2026-06-04 15:03:10 | INFO | Lookup tables created
2026-06-04 15:03:10 | INFO | Query 'INNER JOIN — customers with contract pricing': 8 rows
2026-06-04 15:03:10 | INFO | Query 'Churn rate with discount analysis': 3 rows
2026-06-04 15:03:10 | INFO | Query 'LEFT JOIN — customers with internet SLA': 8 rows
2026-06-04 15:03:10 | INFO | Query 'Churn by support tier': 3 rows
2026-06-04 15:03:10 | INFO | Query 'High risk churned customers — all 3 joins': 8 rows
2026-06-04 15:03:10 | INFO | Query 'Risk matrix — contract risk vs payment risk': 9 rows
2026-06-04 15:03:10 | INFO | Query 'Enriched retained customers with risk scores': 8 rows
2026-06-04 15:03:10 | INFO | Module 3 joins complete
2026-06-04 15:03:10 | INFO | Module 3 complete
2026-06-04 20:45:15 | INFO | Lookup tables created
2026-06-04 20:45:15 | INFO | Query 'INNER JOIN — customers with contract pricing': 8 rows
2026-06-04 20:45:15 | INFO | Query 'Churn rate with discount analysis': 3 rows
2026-06-04 20:45:15 | INFO | Query 'LEFT JOIN — customers with internet SLA': 8 rows
2026-06-04 20:45:15 | INFO | Query 'Churn by support tier': 3 rows
2026-06-04 20:45:15 | INFO | Query 'High risk churned customers — all 3 joins': 8 rows
2026-06-04 20:45:15 | INFO | Query 'Risk matrix — contract risk vs payment risk': 9 rows
2026-06-04 20:45:15 | INFO | Query 'Enriched retained customers with risk scores': 8 rows
2026-06-04 20:45:16 | INFO | Module 3 joins complete
2026-06-04 20:45:16 | INFO | Module 3 complete
