2026-06-04 09:52:34 | INFO | Loading Telco clean data
2026-06-04 09:52:34 | INFO | Loaded 7,043 rows x 23 columns
2026-06-04 09:52:34 | INFO | SQLite DB created with 7,043 rows
2026-06-04 09:52:34 | INFO | Query 'First 5 customers': 5 rows
2026-06-04 09:52:34 | INFO | Query 'Total customer count': 1 rows
2026-06-04 09:52:34 | INFO | Query 'Distinct contract types': 3 rows
2026-06-04 09:52:34 | INFO | Query 'Churned customers (first 5)': 5 rows
2026-06-04 09:52:34 | INFO | Query 'Total churned customers': 1 rows
2026-06-04 09:52:34 | INFO | Query 'High value churned customers (≥$90)': 1 rows
2026-06-04 09:52:34 | INFO | Query 'Month-to-month churned customers': 1 rows
2026-06-04 09:52:34 | INFO | Query 'New customers who churned (tenure ≤12)': 5 rows
2026-06-04 09:52:34 | INFO | Query 'Top 5 highest paying customers': 5 rows
2026-06-04 09:52:34 | INFO | Query 'Churned customers with shortest tenure': 5 rows
2026-06-04 09:52:34 | INFO | Query 'Customers with tenure 13-24 months': 1 rows
2026-06-04 09:52:34 | INFO | Query 'Customers on annual contracts': 1 rows
2026-06-04 09:52:34 | INFO | Query 'Loyal customers (48+ months) not churned': 1 rows
2026-06-04 09:52:34 | INFO | Query 'Top 5 customers by lifetime value': 5 rows
2026-06-04 09:52:34 | INFO | Query 'Customers on automatic payments': 1 rows
2026-06-04 09:52:34 | INFO | Query 'Fiber optic customers': 1 rows
2026-06-04 09:52:34 | INFO | Database connection closed
2026-06-04 09:52:34 | INFO | Module 1 SQL basics complete
